app/build/intermediates/manifest_merge_blame_file/debug/manifest-merger-blame-debug-report.txt
1<?xml version="1.0" encoding="utf-8"?>
2<manifest xmlns:android="http://schemas.android.com/apk/res/android"
3    package="com.wpspasswordmanager"
4    android:versionCode="1"
5    android:versionName="1.0" >
6
7    <uses-sdk
8        android:minSdkVersion="26"
9        android:targetSdkVersion="34" />
10
11    <uses-permission android:name="android.permission.BIND_ACCESSIBILITY_SERVICE" />
11-->src\main\AndroidManifest.xml:5:5-85
11-->src\main\AndroidManifest.xml:5:22-82
12    <uses-permission android:name="android.permission.FOREGROUND_SERVICE" />
12-->src\main\AndroidManifest.xml:6:5-77
12-->src\main\AndroidManifest.xml:6:22-74
13    <uses-permission android:name="android.permission.FOREGROUND_SERVICE_DATA_SYNC" />
13-->src\main\AndroidManifest.xml:7:5-87
13-->src\main\AndroidManifest.xml:7:22-84
14    <uses-permission android:name="android.permission.SYSTEM_ALERT_WINDOW" />
14-->src\main\AndroidManifest.xml:8:5-78
14-->src\main\AndroidManifest.xml:8:22-75
15    <uses-permission android:name="android.permission.READ_EXTERNAL_STORAGE" />
15-->src\main\AndroidManifest.xml:9:5-80
15-->src\main\AndroidManifest.xml:9:22-77
16    <uses-permission android:name="android.permission.WRITE_EXTERNAL_STORAGE" />
16-->src\main\AndroidManifest.xml:10:5-81
16-->src\main\AndroidManifest.xml:10:22-78
17    <uses-permission android:name="android.permission.POST_NOTIFICATIONS" />
17-->src\main\AndroidManifest.xml:11:5-77
17-->src\main\AndroidManifest.xml:11:22-74
18
19    <permission
19-->[androidx.core:core:1.9.0] AndroidManifest.xml:22:5-24:47
20        android:name="com.wpspasswordmanager.DYNAMIC_RECEIVER_NOT_EXPORTED_PERMISSION"
20-->[androidx.core:core:1.9.0] AndroidManifest.xml:23:9-81
21        android:protectionLevel="signature" />
21-->[androidx.core:core:1.9.0] AndroidManifest.xml:24:9-44
22
23    <uses-permission android:name="com.wpspasswordmanager.DYNAMIC_RECEIVER_NOT_EXPORTED_PERMISSION" />
23-->[androidx.core:core:1.9.0] AndroidManifest.xml:26:5-97
23-->[androidx.core:core:1.9.0] AndroidManifest.xml:26:22-94
24
25    <application
25-->src\main\AndroidManifest.xml:13:5-53:19
26        android:allowBackup="true"
26-->src\main\AndroidManifest.xml:14:9-35
27        android:appComponentFactory="androidx.core.app.CoreComponentFactory"
27-->[androidx.core:core:1.9.0] AndroidManifest.xml:28:18-86
28        android:dataExtractionRules="@xml/data_extraction_rules"
28-->src\main\AndroidManifest.xml:15:9-65
29        android:debuggable="true"
30        android:extractNativeLibs="false"
31        android:fullBackupContent="@xml/backup_rules"
31-->src\main\AndroidManifest.xml:16:9-54
32        android:icon="@mipmap/ic_launcher"
32-->src\main\AndroidManifest.xml:17:9-43
33        android:label="@string/app_name"
33-->src\main\AndroidManifest.xml:18:9-41
34        android:roundIcon="@mipmap/ic_launcher_round"
34-->src\main\AndroidManifest.xml:19:9-54
35        android:supportsRtl="true"
35-->src\main\AndroidManifest.xml:20:9-35
36        android:testOnly="true"
37        android:theme="@style/Theme.WpsPasswordManager" >
37-->src\main\AndroidManifest.xml:21:9-56
38        <activity
38-->src\main\AndroidManifest.xml:23:9-31:20
39            android:name="com.wpspasswordmanager.ui.MainActivity"
39-->src\main\AndroidManifest.xml:24:13-44
40            android:exported="true" >
40-->src\main\AndroidManifest.xml:25:13-36
41            <intent-filter>
41-->src\main\AndroidManifest.xml:26:13-30:29
42                <action android:name="android.intent.action.MAIN" />
42-->src\main\AndroidManifest.xml:27:17-69
42-->src\main\AndroidManifest.xml:27:25-66
43
44                <category android:name="android.intent.category.LAUNCHER" />
44-->src\main\AndroidManifest.xml:29:17-77
44-->src\main\AndroidManifest.xml:29:27-74
45            </intent-filter>
46        </activity>
47        <activity
47-->src\main\AndroidManifest.xml:32:9-34:40
48            android:name="com.wpspasswordmanager.ui.SettingsActivity"
48-->src\main\AndroidManifest.xml:33:13-48
49            android:exported="false" />
49-->src\main\AndroidManifest.xml:34:13-37
50
51        <service
51-->src\main\AndroidManifest.xml:36:9-46:19
52            android:name="com.wpspasswordmanager.monitor.WpsAccessibilityService"
52-->src\main\AndroidManifest.xml:37:13-60
53            android:exported="true"
53-->src\main\AndroidManifest.xml:39:13-36
54            android:permission="android.permission.BIND_ACCESSIBILITY_SERVICE" >
54-->src\main\AndroidManifest.xml:38:13-79
55            <intent-filter>
55-->src\main\AndroidManifest.xml:40:13-42:29
56                <action android:name="android.accessibilityservice.AccessibilityService" />
56-->src\main\AndroidManifest.xml:41:17-92
56-->src\main\AndroidManifest.xml:41:25-89
57            </intent-filter>
58
59            <meta-data
59-->src\main\AndroidManifest.xml:43:13-45:72
60                android:name="android.accessibilityservice"
60-->src\main\AndroidManifest.xml:44:17-60
61                android:resource="@xml/accessibility_service_config" />
61-->src\main\AndroidManifest.xml:45:17-69
62        </service>
63        <service
63-->src\main\AndroidManifest.xml:48:9-51:56
64            android:name="com.wpspasswordmanager.ui.FloatingButtonService"
64-->src\main\AndroidManifest.xml:49:13-53
65            android:exported="false"
65-->src\main\AndroidManifest.xml:50:13-37
66            android:foregroundServiceType="dataSync" />
66-->src\main\AndroidManifest.xml:51:13-53
67
68        <provider
68-->[androidx.emoji2:emoji2:1.2.0] AndroidManifest.xml:24:9-32:20
69            android:name="androidx.startup.InitializationProvider"
69-->[androidx.emoji2:emoji2:1.2.0] AndroidManifest.xml:25:13-67
70            android:authorities="com.wpspasswordmanager.androidx-startup"
70-->[androidx.emoji2:emoji2:1.2.0] AndroidManifest.xml:26:13-68
71            android:exported="false" >
71-->[androidx.emoji2:emoji2:1.2.0] AndroidManifest.xml:27:13-37
72            <meta-data
72-->[androidx.emoji2:emoji2:1.2.0] AndroidManifest.xml:29:13-31:52
73                android:name="androidx.emoji2.text.EmojiCompatInitializer"
73-->[androidx.emoji2:emoji2:1.2.0] AndroidManifest.xml:30:17-75
74                android:value="androidx.startup" />
74-->[androidx.emoji2:emoji2:1.2.0] AndroidManifest.xml:31:17-49
75            <meta-data
75-->[androidx.lifecycle:lifecycle-process:2.6.1] AndroidManifest.xml:29:13-31:52
76                android:name="androidx.lifecycle.ProcessLifecycleInitializer"
76-->[androidx.lifecycle:lifecycle-process:2.6.1] AndroidManifest.xml:30:17-78
77                android:value="androidx.startup" />
77-->[androidx.lifecycle:lifecycle-process:2.6.1] AndroidManifest.xml:31:17-49
78            <meta-data
78-->[androidx.profileinstaller:profileinstaller:1.3.0] AndroidManifest.xml:29:13-31:52
79                android:name="androidx.profileinstaller.ProfileInstallerInitializer"
79-->[androidx.profileinstaller:profileinstaller:1.3.0] AndroidManifest.xml:30:17-85
80                android:value="androidx.startup" />
80-->[androidx.profileinstaller:profileinstaller:1.3.0] AndroidManifest.xml:31:17-49
81        </provider>
82
83        <receiver
83-->[androidx.profileinstaller:profileinstaller:1.3.0] AndroidManifest.xml:34:9-52:20
84            android:name="androidx.profileinstaller.ProfileInstallReceiver"
84-->[androidx.profileinstaller:profileinstaller:1.3.0] AndroidManifest.xml:35:13-76
85            android:directBootAware="false"
85-->[androidx.profileinstaller:profileinstaller:1.3.0] AndroidManifest.xml:36:13-44
86            android:enabled="true"
86-->[androidx.profileinstaller:profileinstaller:1.3.0] AndroidManifest.xml:37:13-35
87            android:exported="true"
87-->[androidx.profileinstaller:profileinstaller:1.3.0] AndroidManifest.xml:38:13-36
88            android:permission="android.permission.DUMP" >
88-->[androidx.profileinstaller:profileinstaller:1.3.0] AndroidManifest.xml:39:13-57
89            <intent-filter>
89-->[androidx.profileinstaller:profileinstaller:1.3.0] AndroidManifest.xml:40:13-42:29
90                <action android:name="androidx.profileinstaller.action.INSTALL_PROFILE" />
90-->[androidx.profileinstaller:profileinstaller:1.3.0] AndroidManifest.xml:41:17-91
90-->[androidx.profileinstaller:profileinstaller:1.3.0] AndroidManifest.xml:41:25-88
91            </intent-filter>
92            <intent-filter>
92-->[androidx.profileinstaller:profileinstaller:1.3.0] AndroidManifest.xml:43:13-45:29
93                <action android:name="androidx.profileinstaller.action.SKIP_FILE" />
93-->[androidx.profileinstaller:profileinstaller:1.3.0] AndroidManifest.xml:44:17-85
93-->[androidx.profileinstaller:profileinstaller:1.3.0] AndroidManifest.xml:44:25-82
94            </intent-filter>
95            <intent-filter>
95-->[androidx.profileinstaller:profileinstaller:1.3.0] AndroidManifest.xml:46:13-48:29
96                <action android:name="androidx.profileinstaller.action.SAVE_PROFILE" />
96-->[androidx.profileinstaller:profileinstaller:1.3.0] AndroidManifest.xml:47:17-88
96-->[androidx.profileinstaller:profileinstaller:1.3.0] AndroidManifest.xml:47:25-85
97            </intent-filter>
98            <intent-filter>
98-->[androidx.profileinstaller:profileinstaller:1.3.0] AndroidManifest.xml:49:13-51:29
99                <action android:name="androidx.profileinstaller.action.BENCHMARK_OPERATION" />
99-->[androidx.profileinstaller:profileinstaller:1.3.0] AndroidManifest.xml:50:17-95
99-->[androidx.profileinstaller:profileinstaller:1.3.0] AndroidManifest.xml:50:25-92
100            </intent-filter>
101        </receiver>
102    </application>
103
104</manifest>